[ 2019-04-10T08:28:37+08:00 ] 127.0.0.1 /favicon.ico
INFO: [ app_init ] --START--
INFO: Run Behavior\BuildLiteBehavior [ RunTime:0.000011s ]
INFO: [ app_init ] --END-- [ RunTime:0.000509s ]

[ 2019-04-10T08:28:39+08:00 ] 127.0.0.1 /public/Upload/2019-04-09/sm_5caca014f3f3c.png
INFO: [ app_init ] --START--
INFO: Run Behavior\BuildLiteBehavior [ RunTime:0.000012s ]
INFO: [ app_init ] --END-- [ RunTime:0.000521s ]

[ 2019-04-10T08:28:39+08:00 ] 127.0.0.1 /public/Upload/2019-04-09/sm_5cac677515b38.jpg
INFO: [ app_init ] --START--
INFO: Run Behavior\BuildLiteBehavior [ RunTime:0.000018s ]
INFO: [ app_init ] --END-- [ RunTime:0.000684s ]

[ 2019-04-10T08:28:39+08:00 ] 127.0.0.1 /public/Upload/2019-04-09/sm_5cac789cebfbb.jpg
INFO: [ app_init ] --START--
INFO: Run Behavior\BuildLiteBehavior [ RunTime:0.000014s ]
INFO: [ app_init ] --END-- [ RunTime:0.000546s ]

[ 2019-04-10T08:28:40+08:00 ] 127.0.0.1 /public/Upload/2019-04-09/sm_5caca014f3f3c.png
INFO: [ app_init ] --START--
INFO: Run Behavior\BuildLiteBehavior [ RunTime:0.000012s ]
INFO: [ app_init ] --END-- [ RunTime:0.000566s ]

[ 2019-04-10T08:28:40+08:00 ] 127.0.0.1 /public/Upload/2019-04-09/sm_5cac677515b38.jpg
INFO: [ app_init ] --START--
INFO: Run Behavior\BuildLiteBehavior [ RunTime:0.000080s ]
INFO: [ app_init ] --END-- [ RunTime:0.000553s ]

[ 2019-04-10T08:28:40+08:00 ] 127.0.0.1 /public/Upload/2019-04-09/sm_5cac789cebfbb.jpg
INFO: [ app_init ] --START--
INFO: Run Behavior\BuildLiteBehavior [ RunTime:0.000012s ]
INFO: [ app_init ] --END-- [ RunTime:0.000532s ]

[ 2019-04-10T08:28:48+08:00 ] 127.0.0.1 /public/Upload/2019-04-09/sm_5cac677515b38.jpg
INFO: [ app_init ] --START--
INFO: Run Behavior\BuildLiteBehavior [ RunTime:0.000014s ]
INFO: [ app_init ] --END-- [ RunTime:0.000578s ]

[ 2019-04-10T08:28:48+08:00 ] 127.0.0.1 /public/Upload/2019-04-09/sm_5caca014f3f3c.png
INFO: [ app_init ] --START--
INFO: Run Behavior\BuildLiteBehavior [ RunTime:0.000013s ]
INFO: [ app_init ] --END-- [ RunTime:0.000517s ]

[ 2019-04-10T08:28:48+08:00 ] 127.0.0.1 /public/Upload/2019-04-09/sm_5cac789cebfbb.jpg
INFO: [ app_init ] --START--
INFO: Run Behavior\BuildLiteBehavior [ RunTime:0.000013s ]
INFO: [ app_init ] --END-- [ RunTime:0.000602s ]

[ 2019-04-10T08:28:56+08:00 ] 127.0.0.1 /public/Upload/2019-04-09/sm_5caca014f3f3c.png
INFO: [ app_init ] --START--
INFO: Run Behavior\BuildLiteBehavior [ RunTime:0.000012s ]
INFO: [ app_init ] --END-- [ RunTime:0.000460s ]

[ 2019-04-10T08:28:56+08:00 ] 127.0.0.1 /public/Upload/2019-04-09/sm_5cac677515b38.jpg
INFO: [ app_init ] --START--
INFO: Run Behavior\BuildLiteBehavior [ RunTime:0.000012s ]
INFO: [ app_init ] --END-- [ RunTime:0.000512s ]

[ 2019-04-10T08:28:56+08:00 ] 127.0.0.1 /public/Upload/2019-04-09/sm_5cac789cebfbb.jpg
INFO: [ app_init ] --START--
INFO: Run Behavior\BuildLiteBehavior [ RunTime:0.000014s ]
INFO: [ app_init ] --END-- [ RunTime:0.000937s ]

[ 2019-04-10T08:29:52+08:00 ] 127.0.0.1 /public/Upload/2019-04-09/sm_5caca014f3f3c.png
INFO: [ app_init ] --START--
INFO: Run Behavior\BuildLiteBehavior [ RunTime:0.000012s ]
INFO: [ app_init ] --END-- [ RunTime:0.000501s ]

[ 2019-04-10T08:29:52+08:00 ] 127.0.0.1 /public/Upload/2019-04-09/sm_5cac677515b38.jpg
INFO: [ app_init ] --START--
INFO: Run Behavior\BuildLiteBehavior [ RunTime:0.000009s ]
INFO: [ app_init ] --END-- [ RunTime:0.000449s ]

[ 2019-04-10T08:29:52+08:00 ] 127.0.0.1 /public/Upload/2019-04-09/sm_5cac789cebfbb.jpg
INFO: [ app_init ] --START--
INFO: Run Behavior\BuildLiteBehavior [ RunTime:0.000026s ]
INFO: [ app_init ] --END-- [ RunTime:0.000792s ]

[ 2019-04-10T08:30:09+08:00 ] 127.0.0.1 /sm_
INFO: [ app_init ] --START--
INFO: Run Behavior\BuildLiteBehavior [ RunTime:0.000013s ]
INFO: [ app_init ] --END-- [ RunTime:0.000868s ]
ERR: 无法加载模块:Sm_

[ 2019-04-10T08:30:13+08:00 ] 127.0.0.1 /public/Upload/2019-04-09/sm_5caca014f3f3c.png
INFO: [ app_init ] --START--
INFO: Run Behavior\BuildLiteBehavior [ RunTime:0.000017s ]
INFO: [ app_init ] --END-- [ RunTime:0.011942s ]

[ 2019-04-10T08:30:13+08:00 ] 127.0.0.1 /public/Upload/2019-04-09/sm_5cac677515b38.jpg
INFO: [ app_init ] --START--
INFO: Run Behavior\BuildLiteBehavior [ RunTime:0.000013s ]
INFO: [ app_init ] --END-- [ RunTime:0.000659s ]

[ 2019-04-10T08:30:13+08:00 ] 127.0.0.1 /public/Upload/2019-04-09/sm_5cac789cebfbb.jpg
INFO: [ app_init ] --START--
INFO: Run Behavior\BuildLiteBehavior [ RunTime:0.000011s ]
INFO: [ app_init ] --END-- [ RunTime:0.000446s ]

[ 2019-04-10T15:26:44+08:00 ] 127.0.0.1 /public/Upload/2019-04-09/sm_5cac677515b38.jpg
INFO: [ app_init ] --START--
INFO: Run Behavior\BuildLiteBehavior [ RunTime:0.000015s ]
INFO: [ app_init ] --END-- [ RunTime:0.000757s ]

[ 2019-04-10T15:26:44+08:00 ] 127.0.0.1 /public/Upload/2019-04-09/sm_5caca014f3f3c.png
INFO: [ app_init ] --START--
INFO: Run Behavior\BuildLiteBehavior [ RunTime:0.000014s ]
INFO: [ app_init ] --END-- [ RunTime:0.001039s ]

[ 2019-04-10T15:26:45+08:00 ] 127.0.0.1 /public/Upload/2019-04-09/sm_5cac789cebfbb.jpg
INFO: [ app_init ] --START--
INFO: Run Behavior\BuildLiteBehavior [ RunTime:0.000013s ]
INFO: [ app_init ] --END-- [ RunTime:0.000567s ]

[ 2019-04-10T15:27:21+08:00 ] 127.0.0.1 /public/Upload/2019-04-09/sm_5caca014f3f3c.png
INFO: [ app_init ] --START--
INFO: Run Behavior\BuildLiteBehavior [ RunTime:0.000013s ]
INFO: [ app_init ] --END-- [ RunTime:0.000709s ]

[ 2019-04-10T15:27:21+08:00 ] 127.0.0.1 /public/Upload/2019-04-09/sm_5cac677515b38.jpg
INFO: [ app_init ] --START--
INFO: Run Behavior\BuildLiteBehavior [ RunTime:0.000013s ]
INFO: [ app_init ] --END-- [ RunTime:0.000570s ]

[ 2019-04-10T15:27:21+08:00 ] 127.0.0.1 /public/Upload/2019-04-09/sm_5cac789cebfbb.jpg
INFO: [ app_init ] --START--
INFO: Run Behavior\BuildLiteBehavior [ RunTime:0.000014s ]
INFO: [ app_init ] --END-- [ RunTime:0.000577s ]

[ 2019-04-10T15:27:24+08:00 ] 127.0.0.1 /sm_
INFO: [ app_init ] --START--
INFO: Run Behavior\BuildLiteBehavior [ RunTime:0.000013s ]
INFO: [ app_init ] --END-- [ RunTime:0.000526s ]
ERR: 无法加载模块:Sm_

[ 2019-04-10T15:27:27+08:00 ] 127.0.0.1 /public/Upload/2019-04-09/sm_5caca014f3f3c.png
INFO: [ app_init ] --START--
INFO: Run Behavior\BuildLiteBehavior [ RunTime:0.000013s ]
INFO: [ app_init ] --END-- [ RunTime:0.000573s ]

[ 2019-04-10T15:27:27+08:00 ] 127.0.0.1 /public/Upload/2019-04-09/sm_5cac677515b38.jpg
INFO: [ app_init ] --START--
INFO: Run Behavior\BuildLiteBehavior [ RunTime:0.000013s ]
INFO: [ app_init ] --END-- [ RunTime:0.000566s ]

[ 2019-04-10T15:27:27+08:00 ] 127.0.0.1 /public/Upload/2019-04-09/sm_5cac789cebfbb.jpg
INFO: [ app_init ] --START--
INFO: Run Behavior\BuildLiteBehavior [ RunTime:0.000036s ]
INFO: [ app_init ] --END-- [ RunTime:0.001607s ]

[ 2019-04-10T15:27:29+08:00 ] 127.0.0.1 /public/Upload/2019-04-09/sm_5cac677515b38.jpg
INFO: [ app_init ] --START--
INFO: Run Behavior\BuildLiteBehavior [ RunTime:0.000011s ]
INFO: [ app_init ] --END-- [ RunTime:0.000516s ]

[ 2019-04-10T15:27:29+08:00 ] 127.0.0.1 /public/Upload/2019-04-09/sm_5cac789cebfbb.jpg
INFO: [ app_init ] --START--
INFO: Run Behavior\BuildLiteBehavior [ RunTime:0.000012s ]
INFO: [ app_init ] --END-- [ RunTime:0.000740s ]

[ 2019-04-10T15:27:30+08:00 ] 127.0.0.1 /public/Upload/2019-04-09/sm_5cac677515b38.jpg
INFO: [ app_init ] --START--
INFO: Run Behavior\BuildLiteBehavior [ RunTime:0.000011s ]
INFO: [ app_init ] --END-- [ RunTime:0.000534s ]

[ 2019-04-10T15:27:32+08:00 ] 127.0.0.1 /public/Upload/2019-04-09/sm_5cac789cebfbb.jpg
INFO: [ app_init ] --START--
INFO: Run Behavior\BuildLiteBehavior [ RunTime:0.000012s ]
INFO: [ app_init ] --END-- [ RunTime:0.000508s ]

[ 2019-04-10T15:27:32+08:00 ] 127.0.0.1 /public/Upload/2019-04-09/sm_5cac677515b38.jpg
INFO: [ app_init ] --START--
INFO: Run Behavior\BuildLiteBehavior [ RunTime:0.000013s ]
INFO: [ app_init ] --END-- [ RunTime:0.000593s ]

[ 2019-04-10T15:27:35+08:00 ] 127.0.0.1 /public/Upload/2019-04-09/sm_5cac789cebfbb.jpg
INFO: [ app_init ] --START--
INFO: Run Behavior\BuildLiteBehavior [ RunTime:0.000015s ]
INFO: [ app_init ] --END-- [ RunTime:0.000526s ]

[ 2019-04-10T15:54:13+08:00 ] 127.0.0.1 /sm_
INFO: [ app_init ] --START--
INFO: Run Behavior\BuildLiteBehavior [ RunTime:0.000012s ]
INFO: [ app_init ] --END-- [ RunTime:0.000588s ]
ERR: 无法加载模块:Sm_

[ 2019-04-10T16:07:39+08:00 ] 127.0.0.1 /jscss/admin/design/add
INFO: [ app_init ] --START--
INFO: Run Behavior\BuildLiteBehavior [ RunTime:0.000013s ]
INFO: [ app_init ] --END-- [ RunTime:0.000534s ]
ERR: 无法加载模块:Jscss

[ 2019-04-10T18:34:13+08:00 ] 127.0.0.1 /favicon.ico
INFO: [ app_init ] --START--
INFO: Run Behavior\BuildLiteBehavior [ RunTime:0.000013s ]
INFO: [ app_init ] --END-- [ RunTime:0.000539s ]

[ 2019-04-10T19:08:40+08:00 ] 127.0.0.1 /favicon.ico
INFO: [ app_init ] --START--
INFO: Run Behavior\BuildLiteBehavior [ RunTime:0.000012s ]
INFO: [ app_init ] --END-- [ RunTime:0.000508s ]

[ 2019-04-10T19:08:41+08:00 ] 127.0.0.1 /favicon.ico
INFO: [ app_init ] --START--
INFO: Run Behavior\BuildLiteBehavior [ RunTime:0.000012s ]
INFO: [ app_init ] --END-- [ RunTime:0.000512s ]

[ 2019-04-10T19:15:56+08:00 ] 127.0.0.1 /public/Upload/sm_2019-04-10/sm_5cad9b2ee1bc9.jpg
INFO: [ app_init ] --START--
INFO: Run Behavior\BuildLiteBehavior [ RunTime:0.000013s ]
INFO: [ app_init ] --END-- [ RunTime:0.000555s ]

[ 2019-04-10T19:15:56+08:00 ] 127.0.0.1 /public/Upload/sm_2019-04-10/sm_5cad9b42094db.png
INFO: [ app_init ] --START--
INFO: Run Behavior\BuildLiteBehavior [ RunTime:0.000014s ]
INFO: [ app_init ] --END-- [ RunTime:0.000701s ]

[ 2019-04-10T19:15:56+08:00 ] 127.0.0.1 /public/Upload/sm_2019-04-10/sm_5cad9b6bbeac8.jpg
INFO: [ app_init ] --START--
INFO: Run Behavior\BuildLiteBehavior [ RunTime:0.000011s ]
INFO: [ app_init ] --END-- [ RunTime:0.000455s ]

[ 2019-04-10T19:15:56+08:00 ] 127.0.0.1 /public/Upload/sm_2019-04-10/sm_5cad9b42094db.png
INFO: [ app_init ] --START--
INFO: Run Behavior\BuildLiteBehavior [ RunTime:0.000013s ]
INFO: [ app_init ] --END-- [ RunTime:0.000634s ]

[ 2019-04-10T19:15:56+08:00 ] 127.0.0.1 /public/Upload/sm_2019-04-10/sm_5cad9b2ee1bc9.jpg
INFO: [ app_init ] --START--
INFO: Run Behavior\BuildLiteBehavior [ RunTime:0.000011s ]
INFO: [ app_init ] --END-- [ RunTime:0.000464s ]

[ 2019-04-10T19:15:56+08:00 ] 127.0.0.1 /public/Upload/sm_2019-04-10/sm_5cad9b6bbeac8.jpg
INFO: [ app_init ] --START--
INFO: Run Behavior\BuildLiteBehavior [ RunTime:0.000027s ]
INFO: [ app_init ] --END-- [ RunTime:0.000669s ]

