[ 2019-04-09T14:00:24+08:00 ] 127.0.0.1 /favicon.ico
INFO: [ app_init ] --START--
INFO: Run Behavior\BuildLiteBehavior [ RunTime:0.000012s ]
INFO: [ app_init ] --END-- [ RunTime:0.000587s ]

[ 2019-04-09T14:19:05+08:00 ] 127.0.0.1 /favicon.ico
INFO: [ app_init ] --START--
INFO: Run Behavior\BuildLiteBehavior [ RunTime:0.000012s ]
INFO: [ app_init ] --END-- [ RunTime:0.000554s ]

[ 2019-04-09T14:19:12+08:00 ] 127.0.0.1 /favicon.ico
INFO: [ app_init ] --START--
INFO: Run Behavior\BuildLiteBehavior [ RunTime:0.000013s ]
INFO: [ app_init ] --END-- [ RunTime:0.000582s ]

[ 2019-04-09T16:13:26+08:00 ] 127.0.0.1 /index.php/Admin/User/index/p/public/Upload/2019-04-09/5cac53c9bf6ee.jpg
INFO: [ app_init ] --START--
INFO: Run Behavior\BuildLiteBehavior [ RunTime:0.000016s ]
INFO: [ app_init ] --END-- [ RunTime:0.002148s ]

[ 2019-04-09T16:14:35+08:00 ] 127.0.0.1 /index.php/Admin/User/index/p/public/Upload/2019-04-09/5cac53c9bf6ee.jpg
INFO: [ app_init ] --START--
INFO: Run Behavior\BuildLiteBehavior [ RunTime:0.000012s ]
INFO: [ app_init ] --END-- [ RunTime:0.000729s ]

[ 2019-04-09T16:15:47+08:00 ] 127.0.0.1 /favicon.ico
INFO: [ app_init ] --START--
INFO: Run Behavior\BuildLiteBehavior [ RunTime:0.000013s ]
INFO: [ app_init ] --END-- [ RunTime:0.000718s ]

[ 2019-04-09T16:16:28+08:00 ] 127.0.0.1 /favicon.ico
INFO: [ app_init ] --START--
INFO: Run Behavior\BuildLiteBehavior [ RunTime:0.000014s ]
INFO: [ app_init ] --END-- [ RunTime:0.000682s ]

[ 2019-04-09T16:19:06+08:00 ] 127.0.0.1 /favicon.ico
INFO: [ app_init ] --START--
INFO: Run Behavior\BuildLiteBehavior [ RunTime:0.000009s ]
INFO: [ app_init ] --END-- [ RunTime:0.000396s ]

[ 2019-04-09T16:23:39+08:00 ] 127.0.0.1 /index.php/Admin/User/index/p/public/Upload/2019-04-09/5cac53c9bf6ee.jpg
INFO: [ app_init ] --START--
INFO: Run Behavior\BuildLiteBehavior [ RunTime:0.000011s ]
INFO: [ app_init ] --END-- [ RunTime:0.000554s ]

[ 2019-04-09T16:24:50+08:00 ] 127.0.0.1 /index.php/Admin/User/index/p/public/Upload/2019-04-09/5cac53c9bf6ee.jpg
INFO: [ app_init ] --START--
INFO: Run Behavior\BuildLiteBehavior [ RunTime:0.000012s ]
INFO: [ app_init ] --END-- [ RunTime:0.000489s ]

[ 2019-04-09T16:25:08+08:00 ] 127.0.0.1 /index.php/Admin/User/index/p/public/Upload/2019-04-09/5cac53c9bf6ee.jpg
INFO: [ app_init ] --START--
INFO: Run Behavior\BuildLiteBehavior [ RunTime:0.000013s ]
INFO: [ app_init ] --END-- [ RunTime:0.000511s ]

[ 2019-04-09T16:25:10+08:00 ] 127.0.0.1 /index.php/Admin/User/index/p/public/Upload/2019-04-09/5cac53c9bf6ee.jpg
INFO: [ app_init ] --START--
INFO: Run Behavior\BuildLiteBehavior [ RunTime:0.000012s ]
INFO: [ app_init ] --END-- [ RunTime:0.000470s ]

[ 2019-04-09T16:26:00+08:00 ] 127.0.0.1 /index.php/Admin/User/index/p/public/Upload/2019-04-09/5cac53c9bf6ee.jpg
INFO: [ app_init ] --START--
INFO: Run Behavior\BuildLiteBehavior [ RunTime:0.000011s ]
INFO: [ app_init ] --END-- [ RunTime:0.000461s ]

[ 2019-04-09T16:26:15+08:00 ] 127.0.0.1 /index.php/Admin/User/index/p/public/Upload/2019-04-09/5cac53c9bf6ee.jpg
INFO: [ app_init ] --START--
INFO: Run Behavior\BuildLiteBehavior [ RunTime:0.000011s ]
INFO: [ app_init ] --END-- [ RunTime:0.000488s ]

[ 2019-04-09T16:26:54+08:00 ] 127.0.0.1 /index.php/Admin/User/index/p/public/Upload/2019-04-09/5cac53c9bf6ee.jpg
INFO: [ app_init ] --START--
INFO: Run Behavior\BuildLiteBehavior [ RunTime:0.000012s ]
INFO: [ app_init ] --END-- [ RunTime:0.000513s ]

[ 2019-04-09T16:32:26+08:00 ] 127.0.0.1 /index.php/Admin/User/index/p/public/Upload/2019-04-09/5cac53c9bf6ee.jpg
INFO: [ app_init ] --START--
INFO: Run Behavior\BuildLiteBehavior [ RunTime:0.000014s ]
INFO: [ app_init ] --END-- [ RunTime:0.000586s ]

[ 2019-04-09T16:32:30+08:00 ] 127.0.0.1 /index.php/Admin/User/index/p/public/Upload/2019-04-09/5cac4f52c9d8e.jpg
INFO: [ app_init ] --START--
INFO: Run Behavior\BuildLiteBehavior [ RunTime:0.000013s ]
INFO: [ app_init ] --END-- [ RunTime:0.000567s ]

[ 2019-04-09T16:32:30+08:00 ] 127.0.0.1 /index.php/Admin/User/index/p/public/Upload2019-04-09/5cac4e9b0622a.png
INFO: [ app_init ] --START--
INFO: Run Behavior\BuildLiteBehavior [ RunTime:0.000012s ]
INFO: [ app_init ] --END-- [ RunTime:0.000522s ]

[ 2019-04-09T16:32:30+08:00 ] 127.0.0.1 /index.php/Admin/User/index/p/public/Upload/2019-04-09/5cac52acd80cb.jpg
INFO: [ app_init ] --START--
INFO: Run Behavior\BuildLiteBehavior [ RunTime:0.000010s ]
INFO: [ app_init ] --END-- [ RunTime:0.000518s ]

[ 2019-04-09T16:32:37+08:00 ] 127.0.0.1 /index.php/Admin/User/index/p/public/Upload/2019-04-09/5cac53c9bf6ee.jpg
INFO: [ app_init ] --START--
INFO: Run Behavior\BuildLiteBehavior [ RunTime:0.000011s ]
INFO: [ app_init ] --END-- [ RunTime:0.000472s ]

[ 2019-04-09T16:32:40+08:00 ] 127.0.0.1 /index.php/Admin/User/index/p/public/Upload/2019-04-09/5cac4f52c9d8e.jpg
INFO: [ app_init ] --START--
INFO: Run Behavior\BuildLiteBehavior [ RunTime:0.000014s ]
INFO: [ app_init ] --END-- [ RunTime:0.000590s ]

[ 2019-04-09T16:32:40+08:00 ] 127.0.0.1 /index.php/Admin/User/index/p/public/Upload2019-04-09/5cac4e9b0622a.png
INFO: [ app_init ] --START--
INFO: Run Behavior\BuildLiteBehavior [ RunTime:0.000016s ]
INFO: [ app_init ] --END-- [ RunTime:0.002688s ]

[ 2019-04-09T16:32:40+08:00 ] 127.0.0.1 /index.php/Admin/User/index/p/public/Upload/2019-04-09/5cac52acd80cb.jpg
INFO: [ app_init ] --START--
INFO: Run Behavior\BuildLiteBehavior [ RunTime:0.000012s ]
INFO: [ app_init ] --END-- [ RunTime:0.000507s ]

[ 2019-04-09T16:36:38+08:00 ] 127.0.0.1 /index.php/Admin/User/index/p/public/Upload/2019-04-09/5cac53c9bf6ee.jpg
INFO: [ app_init ] --START--
INFO: Run Behavior\BuildLiteBehavior [ RunTime:0.000018s ]
INFO: [ app_init ] --END-- [ RunTime:0.000595s ]

[ 2019-04-09T16:36:38+08:00 ] 127.0.0.1 /index.php/Admin/User/index/p/public/Upload/2019-04-09/5cac58bd88138.jpg
INFO: [ app_init ] --START--
INFO: Run Behavior\BuildLiteBehavior [ RunTime:0.000013s ]
INFO: [ app_init ] --END-- [ RunTime:0.000961s ]

[ 2019-04-09T16:36:41+08:00 ] 127.0.0.1 /index.php/Admin/User/index/p/public/Upload/2019-04-09/5cac58bd88138.jpg
INFO: [ app_init ] --START--
INFO: Run Behavior\BuildLiteBehavior [ RunTime:0.000013s ]
INFO: [ app_init ] --END-- [ RunTime:0.000588s ]

[ 2019-04-09T16:36:41+08:00 ] 127.0.0.1 /index.php/Admin/User/index/p/public/Upload/2019-04-09/5cac53c9bf6ee.jpg
INFO: [ app_init ] --START--
INFO: Run Behavior\BuildLiteBehavior [ RunTime:0.000015s ]
INFO: [ app_init ] --END-- [ RunTime:0.000828s ]

[ 2019-04-09T16:37:15+08:00 ] 127.0.0.1 /index.php/Admin/User/index/p/public/Upload/2019-04-09/5cac53c9bf6ee.jpg
INFO: [ app_init ] --START--
INFO: Run Behavior\BuildLiteBehavior [ RunTime:0.000013s ]
INFO: [ app_init ] --END-- [ RunTime:0.000538s ]

[ 2019-04-09T16:37:15+08:00 ] 127.0.0.1 /index.php/Admin/User/index/p/public/Upload/2019-04-09/5cac58bd88138.jpg
INFO: [ app_init ] --START--
INFO: Run Behavior\BuildLiteBehavior [ RunTime:0.000014s ]
INFO: [ app_init ] --END-- [ RunTime:0.000563s ]

[ 2019-04-09T16:38:57+08:00 ] 127.0.0.1 /index.php/Admin/User/index/p/public/Upload/2019-04-09/5cac53c9bf6ee.jpg
INFO: [ app_init ] --START--
INFO: Run Behavior\BuildLiteBehavior [ RunTime:0.000012s ]
INFO: [ app_init ] --END-- [ RunTime:0.000480s ]

[ 2019-04-09T16:38:57+08:00 ] 127.0.0.1 /index.php/Admin/User/index/p/public/Upload/2019-04-09/5cac58bd88138.jpg
INFO: [ app_init ] --START--
INFO: Run Behavior\BuildLiteBehavior [ RunTime:0.000015s ]
INFO: [ app_init ] --END-- [ RunTime:0.000595s ]

[ 2019-04-09T16:39:11+08:00 ] 127.0.0.1 /index.php/Admin/User/index/p/public/Upload/2019-04-09/5cac58bd88138.jpg
INFO: [ app_init ] --START--
INFO: Run Behavior\BuildLiteBehavior [ RunTime:0.000016s ]
INFO: [ app_init ] --END-- [ RunTime:0.000663s ]

[ 2019-04-09T16:39:11+08:00 ] 127.0.0.1 /index.php/Admin/User/index/p/public/Upload/2019-04-09/5cac53c9bf6ee.jpg
INFO: [ app_init ] --START--
INFO: Run Behavior\BuildLiteBehavior [ RunTime:0.000012s ]
INFO: [ app_init ] --END-- [ RunTime:0.000507s ]

[ 2019-04-09T16:39:11+08:00 ] 127.0.0.1 /index.php/Admin/User/index/p/public/Upload/2019-04-09/5cac5a2caf803.jpg
INFO: [ app_init ] --START--
INFO: Run Behavior\BuildLiteBehavior [ RunTime:0.000015s ]
INFO: [ app_init ] --END-- [ RunTime:0.000544s ]

[ 2019-04-09T16:39:40+08:00 ] 127.0.0.1 /index.php/Admin/User/index/p/public/Upload/2019-04-09/5cac53c9bf6ee.jpg
INFO: [ app_init ] --START--
INFO: Run Behavior\BuildLiteBehavior [ RunTime:0.000013s ]
INFO: [ app_init ] --END-- [ RunTime:0.000516s ]

[ 2019-04-09T16:39:40+08:00 ] 127.0.0.1 /index.php/Admin/User/index/p/public/Upload/2019-04-09/5cac58bd88138.jpg
INFO: [ app_init ] --START--
INFO: Run Behavior\BuildLiteBehavior [ RunTime:0.000014s ]
INFO: [ app_init ] --END-- [ RunTime:0.000615s ]

[ 2019-04-09T16:39:40+08:00 ] 127.0.0.1 /index.php/Admin/User/index/p/public/Upload/2019-04-09/5cac5a2caf803.jpg
INFO: [ app_init ] --START--
INFO: Run Behavior\BuildLiteBehavior [ RunTime:0.000013s ]
INFO: [ app_init ] --END-- [ RunTime:0.000493s ]

[ 2019-04-09T16:43:25+08:00 ] 127.0.0.1 /public/Upload2019-04-09/5cac4e9b0622a.png/sm_
INFO: [ app_init ] --START--
INFO: Run Behavior\BuildLiteBehavior [ RunTime:0.000013s ]
INFO: [ app_init ] --END-- [ RunTime:0.000570s ]
ERR: 无法加载模块:Public

[ 2019-04-09T16:43:25+08:00 ] 127.0.0.1 /public/Upload2019-04-09/5cac4e9b0622a.png/sm_
INFO: [ app_init ] --START--
INFO: Run Behavior\BuildLiteBehavior [ RunTime:0.000014s ]
INFO: [ app_init ] --END-- [ RunTime:0.000461s ]
ERR: 无法加载模块:Public

[ 2019-04-09T16:43:31+08:00 ] 127.0.0.1 /public/Upload/2019-04-09/sm_5cac4f52c9d8e.jpg
INFO: [ app_init ] --START--
INFO: Run Behavior\BuildLiteBehavior [ RunTime:0.000012s ]
INFO: [ app_init ] --END-- [ RunTime:0.000522s ]

[ 2019-04-09T16:43:31+08:00 ] 127.0.0.1 /public/Upload/2019-04-09/sm_5cac4f52c9d8e.jpg
INFO: [ app_init ] --START--
INFO: Run Behavior\BuildLiteBehavior [ RunTime:0.000009s ]
INFO: [ app_init ] --END-- [ RunTime:0.000378s ]

[ 2019-04-09T17:17:15+08:00 ] 127.0.0.1 /sm_
INFO: [ app_init ] --START--
INFO: Run Behavior\BuildLiteBehavior [ RunTime:0.000029s ]
INFO: [ app_init ] --END-- [ RunTime:0.001020s ]
ERR: 无法加载模块:Sm_

[ 2019-04-09T17:17:15+08:00 ] 127.0.0.1 /sm_
INFO: [ app_init ] --START--
INFO: Run Behavior\BuildLiteBehavior [ RunTime:0.000014s ]
INFO: [ app_init ] --END-- [ RunTime:0.000547s ]
ERR: 无法加载模块:Sm_

[ 2019-04-09T18:58:33+08:00 ] 127.0.0.1 /public/Upload/2019-04-09/5cac4f52c9d8e.jpg
INFO: [ app_init ] --START--
INFO: Run Behavior\BuildLiteBehavior [ RunTime:0.000011s ]
INFO: [ app_init ] --END-- [ RunTime:0.000485s ]

[ 2019-04-09T19:01:33+08:00 ] 127.0.0.1 /public/Upload/2019-04-09/sm_5cac4f52c9d8e.jpg
INFO: [ app_init ] --START--
INFO: Run Behavior\BuildLiteBehavior [ RunTime:0.000011s ]
INFO: [ app_init ] --END-- [ RunTime:0.000467s ]

[ 2019-04-09T19:02:15+08:00 ] 127.0.0.1 /public/Upload/2019-04-09/5cac4f52c9d8e.jpg
INFO: [ app_init ] --START--
INFO: Run Behavior\BuildLiteBehavior [ RunTime:0.000013s ]
INFO: [ app_init ] --END-- [ RunTime:0.000524s ]

[ 2019-04-09T19:02:44+08:00 ] 127.0.0.1 /public/Upload/2019-04-09/sm_5cac4f52c9d8e.jpg
INFO: [ app_init ] --START--
INFO: Run Behavior\BuildLiteBehavior [ RunTime:0.000014s ]
INFO: [ app_init ] --END-- [ RunTime:0.000588s ]

[ 2019-04-09T19:04:32+08:00 ] 127.0.0.1 /public/Upload/2019-04-09/sm_5cac4f52c9d8e.jpg
INFO: [ app_init ] --START--
INFO: Run Behavior\BuildLiteBehavior [ RunTime:0.000014s ]
INFO: [ app_init ] --END-- [ RunTime:0.000603s ]

[ 2019-04-09T19:09:24+08:00 ] 127.0.0.1 /public/Upload/2019-04-09/sm_5cac4f52c9d8e.jpg
INFO: [ app_init ] --START--
INFO: Run Behavior\BuildLiteBehavior [ RunTime:0.000013s ]
INFO: [ app_init ] --END-- [ RunTime:0.000525s ]

[ 2019-04-09T19:10:48+08:00 ] 127.0.0.1 /public/Upload/2019-04-09/sm_5cac4f52c9d8e.jpg
INFO: [ app_init ] --START--
INFO: Run Behavior\BuildLiteBehavior [ RunTime:0.000014s ]
INFO: [ app_init ] --END-- [ RunTime:0.000582s ]

[ 2019-04-09T19:12:39+08:00 ] 127.0.0.1 /public/Upload/2019-04-09/sm_5cac4f52c9d8e.jpg
INFO: [ app_init ] --START--
INFO: Run Behavior\BuildLiteBehavior [ RunTime:0.000016s ]
INFO: [ app_init ] --END-- [ RunTime:0.000543s ]

[ 2019-04-09T19:12:42+08:00 ] 127.0.0.1 /public/Upload/2019-04-09/sm_5cac4f52c9d8e.jpg
INFO: [ app_init ] --START--
INFO: Run Behavior\BuildLiteBehavior [ RunTime:0.000026s ]
INFO: [ app_init ] --END-- [ RunTime:0.000719s ]

[ 2019-04-09T19:12:44+08:00 ] 127.0.0.1 /public/Upload/2019-04-09/sm_5cac4f52c9d8e.jpg
INFO: [ app_init ] --START--
INFO: Run Behavior\BuildLiteBehavior [ RunTime:0.000013s ]
INFO: [ app_init ] --END-- [ RunTime:0.000551s ]

[ 2019-04-09T19:12:47+08:00 ] 127.0.0.1 /public/Upload/2019-04-09/sm_5cac4f52c9d8e.jpg
INFO: [ app_init ] --START--
INFO: Run Behavior\BuildLiteBehavior [ RunTime:0.000015s ]
INFO: [ app_init ] --END-- [ RunTime:0.000597s ]

[ 2019-04-09T19:12:49+08:00 ] 127.0.0.1 /public/Upload/2019-04-09/sm_5cac4f52c9d8e.jpg
INFO: [ app_init ] --START--
INFO: Run Behavior\BuildLiteBehavior [ RunTime:0.000013s ]
INFO: [ app_init ] --END-- [ RunTime:0.000568s ]

[ 2019-04-09T19:12:50+08:00 ] 127.0.0.1 /public/Upload/2019-04-09/sm_5cac4f52c9d8e.jpg
INFO: [ app_init ] --START--
INFO: Run Behavior\BuildLiteBehavior [ RunTime:0.000013s ]
INFO: [ app_init ] --END-- [ RunTime:0.000573s ]

[ 2019-04-09T19:12:52+08:00 ] 127.0.0.1 /public/Upload/2019-04-09/sm_5cac4f52c9d8e.jpg
INFO: [ app_init ] --START--
INFO: Run Behavior\BuildLiteBehavior [ RunTime:0.000016s ]
INFO: [ app_init ] --END-- [ RunTime:0.000527s ]

[ 2019-04-09T19:12:54+08:00 ] 127.0.0.1 /public/Upload/2019-04-09/sm_5cac4f52c9d8e.jpg
INFO: [ app_init ] --START--
INFO: Run Behavior\BuildLiteBehavior [ RunTime:0.000013s ]
INFO: [ app_init ] --END-- [ RunTime:0.000531s ]

[ 2019-04-09T19:12:57+08:00 ] 127.0.0.1 /public/Upload/2019-04-09/sm_5cac4f52c9d8e.jpg
INFO: [ app_init ] --START--
INFO: Run Behavior\BuildLiteBehavior [ RunTime:0.000015s ]
INFO: [ app_init ] --END-- [ RunTime:0.000563s ]

[ 2019-04-09T19:12:59+08:00 ] 127.0.0.1 /public/Upload/2019-04-09/sm_5cac4f52c9d8e.jpg
INFO: [ app_init ] --START--
INFO: Run Behavior\BuildLiteBehavior [ RunTime:0.000013s ]
INFO: [ app_init ] --END-- [ RunTime:0.000565s ]

[ 2019-04-09T19:13:01+08:00 ] 127.0.0.1 /public/Upload/2019-04-09/sm_5cac4f52c9d8e.jpg
INFO: [ app_init ] --START--
INFO: Run Behavior\BuildLiteBehavior [ RunTime:0.000012s ]
INFO: [ app_init ] --END-- [ RunTime:0.000550s ]

[ 2019-04-09T19:13:03+08:00 ] 127.0.0.1 /public/Upload/2019-04-09/sm_5cac4f52c9d8e.jpg
INFO: [ app_init ] --START--
INFO: Run Behavior\BuildLiteBehavior [ RunTime:0.000013s ]
INFO: [ app_init ] --END-- [ RunTime:0.000597s ]

[ 2019-04-09T19:13:06+08:00 ] 127.0.0.1 /public/Upload/2019-04-09/sm_5cac4f52c9d8e.jpg
INFO: [ app_init ] --START--
INFO: Run Behavior\BuildLiteBehavior [ RunTime:0.000242s ]
INFO: [ app_init ] --END-- [ RunTime:0.000829s ]

[ 2019-04-09T19:13:09+08:00 ] 127.0.0.1 /public/Upload/2019-04-09/sm_5cac4f52c9d8e.jpg
INFO: [ app_init ] --START--
INFO: Run Behavior\BuildLiteBehavior [ RunTime:0.000013s ]
INFO: [ app_init ] --END-- [ RunTime:0.000519s ]

[ 2019-04-09T19:13:11+08:00 ] 127.0.0.1 /public/Upload/2019-04-09/sm_5cac4f52c9d8e.jpg
INFO: [ app_init ] --START--
INFO: Run Behavior\BuildLiteBehavior [ RunTime:0.000014s ]
INFO: [ app_init ] --END-- [ RunTime:0.000743s ]

[ 2019-04-09T19:13:13+08:00 ] 127.0.0.1 /public/Upload/2019-04-09/sm_5cac4f52c9d8e.jpg
INFO: [ app_init ] --START--
INFO: Run Behavior\BuildLiteBehavior [ RunTime:0.000023s ]
INFO: [ app_init ] --END-- [ RunTime:0.000640s ]

[ 2019-04-09T21:36:45+08:00 ] 127.0.0.1 /public/Upload/2019-04-09/sm_5cac52acd80cb.jpg
INFO: [ app_init ] --START--
INFO: Run Behavior\BuildLiteBehavior [ RunTime:0.000015s ]
INFO: [ app_init ] --END-- [ RunTime:0.000594s ]

[ 2019-04-09T21:36:47+08:00 ] 127.0.0.1 /public/Upload/2019-04-09/sm_5cac52acd80cb.jpg
INFO: [ app_init ] --START--
INFO: Run Behavior\BuildLiteBehavior [ RunTime:0.000012s ]
INFO: [ app_init ] --END-- [ RunTime:0.000544s ]

[ 2019-04-09T21:36:49+08:00 ] 127.0.0.1 /public/Upload/2019-04-09/sm_5cac52acd80cb.jpg
INFO: [ app_init ] --START--
INFO: Run Behavior\BuildLiteBehavior [ RunTime:0.000014s ]
INFO: [ app_init ] --END-- [ RunTime:0.000742s ]

[ 2019-04-09T21:37:04+08:00 ] 127.0.0.1 /public/Upload/2019-04-09/sm_5cac52acd80cb.jpg
INFO: [ app_init ] --START--
INFO: Run Behavior\BuildLiteBehavior [ RunTime:0.000013s ]
INFO: [ app_init ] --END-- [ RunTime:0.000527s ]

[ 2019-04-09T21:37:26+08:00 ] 127.0.0.1 /public/Upload/2019-04-09/sm_5cac52acd80cb.jpg
INFO: [ app_init ] --START--
INFO: Run Behavior\BuildLiteBehavior [ RunTime:0.000012s ]
INFO: [ app_init ] --END-- [ RunTime:0.000558s ]

[ 2019-04-09T21:38:06+08:00 ] 127.0.0.1 /public/Upload/2019-04-09/sm_5cac52acd80cb.jpg
INFO: [ app_init ] --START--
INFO: Run Behavior\BuildLiteBehavior [ RunTime:0.000020s ]
INFO: [ app_init ] --END-- [ RunTime:0.000595s ]

[ 2019-04-09T21:38:26+08:00 ] 127.0.0.1 /public/Upload/2019-04-09/sm_5cac52acd80cb.jpg
INFO: [ app_init ] --START--
INFO: Run Behavior\BuildLiteBehavior [ RunTime:0.000014s ]
INFO: [ app_init ] --END-- [ RunTime:0.000668s ]

[ 2019-04-09T21:48:37+08:00 ] 127.0.0.1 /favicon.ico
INFO: [ app_init ] --START--
INFO: Run Behavior\BuildLiteBehavior [ RunTime:0.000012s ]
INFO: [ app_init ] --END-- [ RunTime:0.000497s ]

[ 2019-04-09T21:48:38+08:00 ] 127.0.0.1 /public/Upload/2019-04-09/sm_5cac52acd80cb.jpg
INFO: [ app_init ] --START--
INFO: Run Behavior\BuildLiteBehavior [ RunTime:0.000011s ]
INFO: [ app_init ] --END-- [ RunTime:0.000747s ]

[ 2019-04-09T21:49:01+08:00 ] 127.0.0.1 /public/Upload/2019-04-09/sm_5cac52acd80cb.jpg
INFO: [ app_init ] --START--
INFO: Run Behavior\BuildLiteBehavior [ RunTime:0.000014s ]
INFO: [ app_init ] --END-- [ RunTime:0.000532s ]

[ 2019-04-09T21:57:43+08:00 ] 127.0.0.1 /public/Upload/2019-04-09/sm_5cac52acd80cb.jpg
INFO: [ app_init ] --START--
INFO: Run Behavior\BuildLiteBehavior [ RunTime:0.000012s ]
INFO: [ app_init ] --END-- [ RunTime:0.000536s ]

[ 2019-04-09T21:58:00+08:00 ] 127.0.0.1 /public/Upload/2019-04-09/sm_5cac52acd80cb.jpg
INFO: [ app_init ] --START--
INFO: Run Behavior\BuildLiteBehavior [ RunTime:0.000013s ]
INFO: [ app_init ] --END-- [ RunTime:0.000555s ]

[ 2019-04-09T21:58:03+08:00 ] 127.0.0.1 /public/Upload/2019-04-09/sm_5cac52acd80cb.jpg
INFO: [ app_init ] --START--
INFO: Run Behavior\BuildLiteBehavior [ RunTime:0.000012s ]
INFO: [ app_init ] --END-- [ RunTime:0.000536s ]

[ 2019-04-09T21:58:09+08:00 ] 127.0.0.1 /public/Upload/2019-04-09/sm_5cac52acd80cb.jpg
INFO: [ app_init ] --START--
INFO: Run Behavior\BuildLiteBehavior [ RunTime:0.000010s ]
INFO: [ app_init ] --END-- [ RunTime:0.000427s ]

[ 2019-04-09T22:01:16+08:00 ] 127.0.0.1 /public/Upload/2019-04-09/sm_5cac52acd80cb.jpg
INFO: [ app_init ] --START--
INFO: Run Behavior\BuildLiteBehavior [ RunTime:0.000014s ]
INFO: [ app_init ] --END-- [ RunTime:0.000812s ]

[ 2019-04-09T22:01:16+08:00 ] 127.0.0.1 /public/Upload/2019-04-09/sm_5cac9ffee31b0.png
INFO: [ app_init ] --START--
INFO: Run Behavior\BuildLiteBehavior [ RunTime:0.000014s ]
INFO: [ app_init ] --END-- [ RunTime:0.000666s ]

[ 2019-04-09T22:01:19+08:00 ] 127.0.0.1 /public/Upload/2019-04-09/sm_5cac52acd80cb.jpg
INFO: [ app_init ] --START--
INFO: Run Behavior\BuildLiteBehavior [ RunTime:0.000011s ]
INFO: [ app_init ] --END-- [ RunTime:0.000483s ]

[ 2019-04-09T22:01:21+08:00 ] 127.0.0.1 /public/Upload/2019-04-09/sm_5cac52acd80cb.jpg
INFO: [ app_init ] --START--
INFO: Run Behavior\BuildLiteBehavior [ RunTime:0.000012s ]
INFO: [ app_init ] --END-- [ RunTime:0.000525s ]

[ 2019-04-09T22:01:21+08:00 ] 127.0.0.1 /public/Upload/2019-04-09/sm_5cac9ffee31b0.png
INFO: [ app_init ] --START--
INFO: Run Behavior\BuildLiteBehavior [ RunTime:0.000013s ]
INFO: [ app_init ] --END-- [ RunTime:0.000659s ]

[ 2019-04-09T22:01:24+08:00 ] 127.0.0.1 /public/Upload/2019-04-09/sm_5cac52acd80cb.jpg
INFO: [ app_init ] --START--
INFO: Run Behavior\BuildLiteBehavior [ RunTime:0.000016s ]
INFO: [ app_init ] --END-- [ RunTime:0.000600s ]

[ 2019-04-09T22:01:29+08:00 ] 127.0.0.1 /public/Upload/2019-04-09/sm_5cac9ffee31b0.png
INFO: [ app_init ] --START--
INFO: Run Behavior\BuildLiteBehavior [ RunTime:0.000013s ]
INFO: [ app_init ] --END-- [ RunTime:0.000488s ]

[ 2019-04-09T22:01:29+08:00 ] 127.0.0.1 /public/Upload/2019-04-09/sm_5cac52acd80cb.jpg
INFO: [ app_init ] --START--
INFO: Run Behavior\BuildLiteBehavior [ RunTime:0.000013s ]
INFO: [ app_init ] --END-- [ RunTime:0.000933s ]

[ 2019-04-09T22:01:36+08:00 ] 127.0.0.1 /public/Upload/2019-04-09/sm_5cac9ffee31b0.png
INFO: [ app_init ] --START--
INFO: Run Behavior\BuildLiteBehavior [ RunTime:0.000013s ]
INFO: [ app_init ] --END-- [ RunTime:0.000544s ]

[ 2019-04-09T22:01:41+08:00 ] 127.0.0.1 /public/Upload/2019-04-09/sm_5cac52acd80cb.jpg
INFO: [ app_init ] --START--
INFO: Run Behavior\BuildLiteBehavior [ RunTime:0.000014s ]
INFO: [ app_init ] --END-- [ RunTime:0.000567s ]

[ 2019-04-09T22:01:41+08:00 ] 127.0.0.1 /public/Upload/2019-04-09/sm_5cac9ffee31b0.png
INFO: [ app_init ] --START--
INFO: Run Behavior\BuildLiteBehavior [ RunTime:0.000014s ]
INFO: [ app_init ] --END-- [ RunTime:0.000561s ]

[ 2019-04-09T22:01:50+08:00 ] 127.0.0.1 /public/Upload/2019-04-09/sm_5cac52acd80cb.jpg
INFO: [ app_init ] --START--
INFO: Run Behavior\BuildLiteBehavior [ RunTime:0.000013s ]
INFO: [ app_init ] --END-- [ RunTime:0.000588s ]

[ 2019-04-09T22:01:51+08:00 ] 127.0.0.1 /public/Upload/2019-04-09/sm_5cac9ffee31b0.png
INFO: [ app_init ] --START--
INFO: Run Behavior\BuildLiteBehavior [ RunTime:0.000019s ]
INFO: [ app_init ] --END-- [ RunTime:0.000737s ]

[ 2019-04-09T22:01:57+08:00 ] 127.0.0.1 /public/Upload/2019-04-09/sm_5cac9ffee31b0.png
INFO: [ app_init ] --START--
INFO: Run Behavior\BuildLiteBehavior [ RunTime:0.000013s ]
INFO: [ app_init ] --END-- [ RunTime:0.000535s ]

[ 2019-04-09T22:04:04+08:00 ] 127.0.0.1 /public/Upload/2019-04-09/sm_5caca014f3f3c.png
INFO: [ app_init ] --START--
INFO: Run Behavior\BuildLiteBehavior [ RunTime:0.000012s ]
INFO: [ app_init ] --END-- [ RunTime:0.000584s ]

[ 2019-04-09T22:04:06+08:00 ] 127.0.0.1 /public/Upload/2019-04-09/sm_5caca014f3f3c.png
INFO: [ app_init ] --START--
INFO: Run Behavior\BuildLiteBehavior [ RunTime:0.000012s ]
INFO: [ app_init ] --END-- [ RunTime:0.000541s ]

[ 2019-04-09T22:04:11+08:00 ] 127.0.0.1 /public/Upload/2019-04-09/sm_5caca014f3f3c.png
INFO: [ app_init ] --START--
INFO: Run Behavior\BuildLiteBehavior [ RunTime:0.000013s ]
INFO: [ app_init ] --END-- [ RunTime:0.000542s ]

[ 2019-04-09T22:04:54+08:00 ] 127.0.0.1 /public/Upload/2019-04-09/sm_5caca014f3f3c.png
INFO: [ app_init ] --START--
INFO: Run Behavior\BuildLiteBehavior [ RunTime:0.000012s ]
INFO: [ app_init ] --END-- [ RunTime:0.000577s ]

[ 2019-04-09T22:05:19+08:00 ] 127.0.0.1 /public/Upload/2019-04-09/sm_5caca014f3f3c.png
INFO: [ app_init ] --START--
INFO: Run Behavior\BuildLiteBehavior [ RunTime:0.000014s ]
INFO: [ app_init ] --END-- [ RunTime:0.000597s ]

[ 2019-04-09T22:05:20+08:00 ] 127.0.0.1 /public/Upload/2019-04-09/sm_5caca014f3f3c.png
INFO: [ app_init ] --START--
INFO: Run Behavior\BuildLiteBehavior [ RunTime:0.000028s ]
INFO: [ app_init ] --END-- [ RunTime:0.000534s ]

[ 2019-04-09T22:05:27+08:00 ] 127.0.0.1 /public/Upload/2019-04-09/sm_5caca014f3f3c.png
INFO: [ app_init ] --START--
INFO: Run Behavior\BuildLiteBehavior [ RunTime:0.000014s ]
INFO: [ app_init ] --END-- [ RunTime:0.000626s ]

[ 2019-04-09T22:05:35+08:00 ] 127.0.0.1 /public/Upload/2019-04-09/sm_5caca014f3f3c.png
INFO: [ app_init ] --START--
INFO: Run Behavior\BuildLiteBehavior [ RunTime:0.000493s ]
INFO: [ app_init ] --END-- [ RunTime:0.001147s ]

[ 2019-04-09T22:05:39+08:00 ] 127.0.0.1 /public/Upload/2019-04-09/sm_5caca014f3f3c.png
INFO: [ app_init ] --START--
INFO: Run Behavior\BuildLiteBehavior [ RunTime:0.000012s ]
INFO: [ app_init ] --END-- [ RunTime:0.000554s ]

[ 2019-04-09T22:06:53+08:00 ] 127.0.0.1 /public/Upload/2019-04-09/sm_5caca014f3f3c.png
INFO: [ app_init ] --START--
INFO: Run Behavior\BuildLiteBehavior [ RunTime:0.000014s ]
INFO: [ app_init ] --END-- [ RunTime:0.000589s ]

[ 2019-04-09T22:06:54+08:00 ] 127.0.0.1 /public/Upload/2019-04-09/sm_5caca014f3f3c.png
INFO: [ app_init ] --START--
INFO: Run Behavior\BuildLiteBehavior [ RunTime:0.000013s ]
INFO: [ app_init ] --END-- [ RunTime:0.000579s ]

[ 2019-04-09T22:10:03+08:00 ] 127.0.0.1 /public/Upload/2019-04-09/sm_5caca014f3f3c.png
INFO: [ app_init ] --START--
INFO: Run Behavior\BuildLiteBehavior [ RunTime:0.000019s ]
INFO: [ app_init ] --END-- [ RunTime:0.000653s ]

